Flow report for U_Control
Fri Oct 08 23:40:41 2021
Quartus II 64-Bit Version 12.1 Build 177 11/07/2012 SJ Web Edition


---------------------
; Table of Contents ;
---------------------
  1. Legal Notice
  2. Flow Summary
  3. Flow Settings
  4. Flow Non-Default Global Settings
  5. Flow Elapsed Time
  6. Flow OS Summary
  7. Flow Log



----------------
; Legal Notice ;
----------------
Copyright (C) 1991-2012 Altera Corporation
Your use of Altera Corporation's design tools, logic functions 
and other software and tools, and its AMPP partner logic 
functions, and any output files from any of the foregoing 
(including device programming or simulation files), and any 
associated documentation or information are expressly subject 
to the terms and conditions of the Altera Program License 
Subscription Agreement, Altera MegaCore Function License 
Agreement, or other applicable license agreement, including, 
without limitation, that your use is for the sole purpose of 
programming logic devices manufactured by Altera and sold by 
Altera or its authorized distributors.  Please refer to the 
applicable agreement for further details.



+-------------------------------------------------------------------------------+
; Flow Summary                                                                  ;
+------------------------------------+------------------------------------------+
; Flow Status                        ; Successful - Fri Oct 08 23:40:41 2021    ;
; Quartus II 64-Bit Version          ; 12.1 Build 177 11/07/2012 SJ Web Edition ;
; Revision Name                      ; U_Control                                ;
; Top-level Entity Name              ; U_Control                                ;
; Family                             ; Cyclone IV E                             ;
; Device                             ; EP4CE115F29C7                            ;
; Timing Models                      ; Final                                    ;
; Total logic elements               ; 209 / 114,480 ( < 1 % )                  ;
;     Total combinational functions  ; 184 / 114,480 ( < 1 % )                  ;
;     Dedicated logic registers      ; 110 / 114,480 ( < 1 % )                  ;
; Total registers                    ; 110                                      ;
; Total pins                         ; 107 / 529 ( 20 % )                       ;
; Total virtual pins                 ; 0                                        ;
; Total memory bits                  ; 0 / 3,981,312 ( 0 % )                    ;
; Embedded Multiplier 9-bit elements ; 1 / 532 ( < 1 % )                        ;
; Total PLLs                         ; 0 / 4 ( 0 % )                            ;
+------------------------------------+------------------------------------------+


+-----------------------------------------+
; Flow Settings                           ;
+-------------------+---------------------+
; Option            ; Setting             ;
+-------------------+---------------------+
; Start date & time ; 10/08/2021 23:39:44 ;
; Main task         ; Compilation         ;
; Revision Name     ; U_Control           ;
+-------------------+---------------------+


+----------------------------------------------------------------------------------------------------------------------------------+
; Flow Non-Default Global Settings                                                                                                 ;
+-------------------------------------+---------------------------------------+---------------+-------------+----------------------+
; Assignment Name                     ; Value                                 ; Default Value ; Entity Name ; Section Id           ;
+-------------------------------------+---------------------------------------+---------------+-------------+----------------------+
; COMPILER_SIGNATURE_ID               ; 247232639799124.163375438406112       ; --            ; --          ; --                   ;
; EDA_DESIGN_ENTRY_SYNTHESIS_TOOL     ; Design Compiler                       ; <None>        ; --          ; --                   ;
; EDA_INPUT_DATA_FORMAT               ; Vhdl                                  ; --            ; --          ; eda_design_synthesis ;
; EDA_INPUT_VCC_NAME                  ; Vdd                                   ; --            ; --          ; eda_design_synthesis ;
; EDA_LMF_FILE                        ; altsyn.lmf                            ; --            ; --          ; eda_design_synthesis ;
; EDA_OUTPUT_DATA_FORMAT              ; Vhdl                                  ; --            ; --          ; eda_simulation       ;
; EDA_SIMULATION_TOOL                 ; ModelSim-Altera (VHDL)                ; <None>        ; --          ; --                   ;
; MAX_CORE_JUNCTION_TEMP              ; 85                                    ; --            ; --          ; --                   ;
; MIN_CORE_JUNCTION_TEMP              ; 0                                     ; --            ; --          ; --                   ;
; OUTPUT_IO_TIMING_FAR_END_VMEAS      ; Half Signal Swing                     ; --            ; --          ; --                   ;
; OUTPUT_IO_TIMING_FAR_END_VMEAS      ; Half Signal Swing                     ; --            ; --          ; --                   ;
; OUTPUT_IO_TIMING_NEAR_END_VMEAS     ; Half Vccio                            ; --            ; --          ; --                   ;
; OUTPUT_IO_TIMING_NEAR_END_VMEAS     ; Half Vccio                            ; --            ; --          ; --                   ;
; PARTITION_COLOR                     ; 16764057                              ; --            ; --          ; Top                  ;
; PARTITION_FITTER_PRESERVATION_LEVEL ; PLACEMENT_AND_ROUTING                 ; --            ; --          ; Top                  ;
; PARTITION_NETLIST_TYPE              ; SOURCE                                ; --            ; --          ; Top                  ;
; POWER_BOARD_THERMAL_MODEL           ; None (CONSERVATIVE)                   ; --            ; --          ; --                   ;
; POWER_PRESET_COOLING_SOLUTION       ; 23 MM HEAT SINK WITH 200 LFPM AIRFLOW ; --            ; --          ; --                   ;
; PROJECT_OUTPUT_DIRECTORY            ; output_files                          ; --            ; --          ; --                   ;
+-------------------------------------+---------------------------------------+---------------+-------------+----------------------+


+-------------------------------------------------------------------------------------------------------------------------------+
; Flow Elapsed Time                                                                                                             ;
+---------------------------+--------------+-------------------------+---------------------+------------------------------------+
; Module Name               ; Elapsed Time ; Average Processors Used ; Peak Virtual Memory ; Total CPU Time (on all processors) ;
+---------------------------+--------------+-------------------------+---------------------+------------------------------------+
; Analysis & Synthesis      ; 00:00:05     ; 1.0                     ; 4642 MB             ; 00:00:03                           ;
; Fitter                    ; 00:00:29     ; 1.0                     ; 4886 MB             ; 00:00:25                           ;
; Assembler                 ; 00:00:07     ; 1.0                     ; 4557 MB             ; 00:00:06                           ;
; TimeQuest Timing Analyzer ; 00:00:04     ; 1.0                     ; 4655 MB             ; 00:00:04                           ;
; EDA Netlist Writer        ; 00:00:02     ; 1.0                     ; 4531 MB             ; 00:00:01                           ;
; Total                     ; 00:00:47     ; --                      ; --                  ; 00:00:39                           ;
+---------------------------+--------------+-------------------------+---------------------+------------------------------------+


+----------------------------------------------------------------------------------------+
; Flow OS Summary                                                                        ;
+---------------------------+------------------+-----------+------------+----------------+
; Module Name               ; Machine Hostname ; OS Name   ; OS Version ; Processor type ;
+---------------------------+------------------+-----------+------------+----------------+
; Analysis & Synthesis      ; DESKTOP-UOV87CR  ; Windows 7 ; 6.2        ; x86_64         ;
; Fitter                    ; DESKTOP-UOV87CR  ; Windows 7 ; 6.2        ; x86_64         ;
; Assembler                 ; DESKTOP-UOV87CR  ; Windows 7 ; 6.2        ; x86_64         ;
; TimeQuest Timing Analyzer ; DESKTOP-UOV87CR  ; Windows 7 ; 6.2        ; x86_64         ;
; EDA Netlist Writer        ; DESKTOP-UOV87CR  ; Windows 7 ; 6.2        ; x86_64         ;
+---------------------------+------------------+-----------+------------+----------------+


------------
; Flow Log ;
------------
quartus_map --read_settings_files=on --write_settings_files=off U_Control -c U_Control
quartus_fit --read_settings_files=off --write_settings_files=off U_Control -c U_Control
quartus_asm --read_settings_files=off --write_settings_files=off U_Control -c U_Control
quartus_sta U_Control -c U_Control
quartus_eda --read_settings_files=off --write_settings_files=off U_Control -c U_Control



