Flow report for contadorbcd
Wed Dec 08 18:53:32 2021
Quartus II 64-Bit Version 12.1 Build 177 11/07/2012 SJ Web Edition


---------------------
; Table of Contents ;
---------------------
  1. Legal Notice
  2. Flow Summary
  3. Flow Settings
  4. Flow Non-Default Global Settings
  5. Flow Elapsed Time
  6. Flow OS Summary
  7. Flow Log



----------------
; Legal Notice ;
----------------
Copyright (C) 1991-2012 Altera Corporation
Your use of Altera Corporation's design tools, logic functions 
and other software and tools, and its AMPP partner logic 
functions, and any output files from any of the foregoing 
(including device programming or simulation files), and any 
associated documentation or information are expressly subject 
to the terms and conditions of the Altera Program License 
Subscription Agreement, Altera MegaCore Function License 
Agreement, or other applicable license agreement, including, 
without limitation, that your use is for the sole purpose of 
programming logic devices manufactured by Altera and sold by 
Altera or its authorized distributors.  Please refer to the 
applicable agreement for further details.



+-------------------------------------------------------------------------------+
; Flow Summary                                                                  ;
+------------------------------------+------------------------------------------+
; Flow Status                        ; Successful - Wed Dec 08 18:53:32 2021    ;
; Quartus II 64-Bit Version          ; 12.1 Build 177 11/07/2012 SJ Web Edition ;
; Revision Name                      ; contadorbcd                              ;
; Top-level Entity Name              ; contadorbcd                              ;
; Family                             ; Cyclone IV E                             ;
; Device                             ; EP4CE115F29C7                            ;
; Timing Models                      ; Final                                    ;
; Total logic elements               ; 135 / 114,480 ( < 1 % )                  ;
;     Total combinational functions  ; 134 / 114,480 ( < 1 % )                  ;
;     Dedicated logic registers      ; 51 / 114,480 ( < 1 % )                   ;
; Total registers                    ; 51                                       ;
; Total pins                         ; 59 / 529 ( 11 % )                        ;
; Total virtual pins                 ; 0                                        ;
; Total memory bits                  ; 0 / 3,981,312 ( 0 % )                    ;
; Embedded Multiplier 9-bit elements ; 0 / 532 ( 0 % )                          ;
; Total PLLs                         ; 0 / 4 ( 0 % )                            ;
+------------------------------------+------------------------------------------+


+-----------------------------------------+
; Flow Settings                           ;
+-------------------+---------------------+
; Option            ; Setting             ;
+-------------------+---------------------+
; Start date & time ; 12/08/2021 18:52:42 ;
; Main task         ; Compilation         ;
; Revision Name     ; contadorbcd         ;
+-------------------+---------------------+


+----------------------------------------------------------------------------------------------------------------------+
; Flow Non-Default Global Settings                                                                                     ;
+-------------------------------------+---------------------------------+---------------+-------------+----------------+
; Assignment Name                     ; Value                           ; Default Value ; Entity Name ; Section Id     ;
+-------------------------------------+---------------------------------+---------------+-------------+----------------+
; COMPILER_SIGNATURE_ID               ; 247232639799124.163901116209984 ; --            ; --          ; --             ;
; EDA_OUTPUT_DATA_FORMAT              ; Vhdl                            ; --            ; --          ; eda_simulation ;
; EDA_SIMULATION_TOOL                 ; ModelSim-Altera (VHDL)          ; <None>        ; --          ; --             ;
; MAX_CORE_JUNCTION_TEMP              ; 85                              ; --            ; --          ; --             ;
; MIN_CORE_JUNCTION_TEMP              ; 0                               ; --            ; --          ; --             ;
; NOMINAL_CORE_SUPPLY_VOLTAGE         ; 1.2V                            ; --            ; --          ; --             ;
; PARTITION_COLOR                     ; 16764057                        ; --            ; --          ; Top            ;
; PARTITION_FITTER_PRESERVATION_LEVEL ; PLACEMENT_AND_ROUTING           ; --            ; --          ; Top            ;
; PARTITION_NETLIST_TYPE              ; SOURCE                          ; --            ; --          ; Top            ;
; PROJECT_OUTPUT_DIRECTORY            ; output_files                    ; --            ; --          ; --             ;
+-------------------------------------+---------------------------------+---------------+-------------+----------------+


+-------------------------------------------------------------------------------------------------------------------------------+
; Flow Elapsed Time                                                                                                             ;
+---------------------------+--------------+-------------------------+---------------------+------------------------------------+
; Module Name               ; Elapsed Time ; Average Processors Used ; Peak Virtual Memory ; Total CPU Time (on all processors) ;
+---------------------------+--------------+-------------------------+---------------------+------------------------------------+
; Analysis & Synthesis      ; 00:00:02     ; 1.0                     ; 4631 MB             ; 00:00:03                           ;
; Fitter                    ; 00:00:27     ; 1.0                     ; 4880 MB             ; 00:00:27                           ;
; Assembler                 ; 00:00:07     ; 1.0                     ; 4570 MB             ; 00:00:07                           ;
; TimeQuest Timing Analyzer ; 00:00:06     ; 1.0                     ; 4643 MB             ; 00:00:05                           ;
; EDA Netlist Writer        ; 00:00:01     ; 1.0                     ; 4515 MB             ; 00:00:01                           ;
; Total                     ; 00:00:43     ; --                      ; --                  ; 00:00:43                           ;
+---------------------------+--------------+-------------------------+---------------------+------------------------------------+


+----------------------------------------------------------------------------------------+
; Flow OS Summary                                                                        ;
+---------------------------+------------------+-----------+------------+----------------+
; Module Name               ; Machine Hostname ; OS Name   ; OS Version ; Processor type ;
+---------------------------+------------------+-----------+------------+----------------+
; Analysis & Synthesis      ; DESKTOP-UOV87CR  ; Windows 7 ; 6.2        ; x86_64         ;
; Fitter                    ; DESKTOP-UOV87CR  ; Windows 7 ; 6.2        ; x86_64         ;
; Assembler                 ; DESKTOP-UOV87CR  ; Windows 7 ; 6.2        ; x86_64         ;
; TimeQuest Timing Analyzer ; DESKTOP-UOV87CR  ; Windows 7 ; 6.2        ; x86_64         ;
; EDA Netlist Writer        ; DESKTOP-UOV87CR  ; Windows 7 ; 6.2        ; x86_64         ;
+---------------------------+------------------+-----------+------------+----------------+


------------
; Flow Log ;
------------
quartus_map --read_settings_files=on --write_settings_files=off contadorbcd -c contadorbcd
quartus_fit --read_settings_files=off --write_settings_files=off contadorbcd -c contadorbcd
quartus_asm --read_settings_files=off --write_settings_files=off contadorbcd -c contadorbcd
quartus_sta contadorbcd -c contadorbcd
quartus_eda --read_settings_files=off --write_settings_files=off contadorbcd -c contadorbcd



